d:\c++\colibriguerrilla\colibriguerrilla\source\debug\vc142.pdb
d:\c++\colibriguerrilla\colibriguerrilla\source\debug\vc142.idb
d:\c++\colibriguerrilla\colibriguerrilla\source\debug\particle.obj
d:\c++\colibriguerrilla\colibriguerrilla\source\debug\module.obj
d:\c++\colibriguerrilla\colibriguerrilla\source\debug\main.obj
d:\c++\colibriguerrilla\colibriguerrilla\source\debug\modulewindow.obj
d:\c++\colibriguerrilla\colibriguerrilla\source\debug\moduletext.obj
d:\c++\colibriguerrilla\colibriguerrilla\source\debug\modulescene.obj
d:\c++\colibriguerrilla\colibriguerrilla\source\debug\modulerender.obj
d:\c++\colibriguerrilla\colibriguerrilla\source\debug\moduleplayer.obj
d:\c++\colibriguerrilla\colibriguerrilla\source\debug\moduleparticles.obj
d:\c++\colibriguerrilla\colibriguerrilla\source\debug\modulemusica.obj
d:\c++\colibriguerrilla\colibriguerrilla\source\debug\moduleinput.obj
d:\c++\colibriguerrilla\colibriguerrilla\source\debug\moduleimatges.obj
d:\c++\colibriguerrilla\colibriguerrilla\source\debug\modulecollisions.obj
d:\c++\colibriguerrilla\colibriguerrilla\source\debug\globals.obj
d:\c++\colibriguerrilla\colibriguerrilla\source\debug\collider.obj
d:\c++\colibriguerrilla\colibriguerrilla\source\debug\application.obj
d:\c++\colibriguerrilla\colibriguerrilla\source\debug\colibriguerrilla.ilk
d:\c++\colibriguerrilla\debug\colibriguerrilla.exe
d:\c++\colibriguerrilla\debug\colibriguerrilla.pdb
d:\c++\colibriguerrilla\colibriguerrilla\source\debug\colibriguerrilla.tlog\cl.command.1.tlog
d:\c++\colibriguerrilla\colibriguerrilla\source\debug\colibriguerrilla.tlog\cl.read.1.tlog
d:\c++\colibriguerrilla\colibriguerrilla\source\debug\colibriguerrilla.tlog\cl.write.1.tlog
d:\c++\colibriguerrilla\colibriguerrilla\source\debug\colibriguerrilla.tlog\link.command.1.tlog
d:\c++\colibriguerrilla\colibriguerrilla\source\debug\colibriguerrilla.tlog\link.read.1.tlog
d:\c++\colibriguerrilla\colibriguerrilla\source\debug\colibriguerrilla.tlog\link.write.1.tlog
