c:\users\danie\downloads\project_2_handout\project_2_handout\project_2_handout\source\debug\vc142.pdb
c:\users\danie\downloads\project_2_handout\project_2_handout\project_2_handout\source\debug\vc142.idb
c:\users\danie\downloads\project_2_handout\project_2_handout\project_2_handout\source\debug\modulesfx.obj
c:\users\danie\downloads\project_2_handout\project_2_handout\project_2_handout\source\debug\modulemusica.obj
c:\users\danie\downloads\project_2_handout\project_2_handout\project_2_handout\source\debug\moduleimatges.obj
c:\users\danie\downloads\project_2_handout\project_2_handout\project_2_handout\source\debug\modulewindow.obj
c:\users\danie\downloads\project_2_handout\project_2_handout\project_2_handout\source\debug\modulerender.obj
c:\users\danie\downloads\project_2_handout\project_2_handout\project_2_handout\source\debug\moduleinput.obj
c:\users\danie\downloads\project_2_handout\project_2_handout\project_2_handout\source\debug\module.obj
c:\users\danie\downloads\project_2_handout\project_2_handout\project_2_handout\source\debug\main.obj
c:\users\danie\downloads\project_2_handout\project_2_handout\project_2_handout\source\debug\application.obj
c:\users\danie\downloads\project_2_handout\project_2_handout\project_2_handout\source\debug\modulealmacen.obj
d:\c++\project_2_handout\project_2_handout\source\debug\vc142.pdb
d:\c++\project_2_handout\project_2_handout\source\debug\vc142.idb
d:\c++\project_2_handout\project_2_handout\source\debug\module.obj
d:\c++\project_2_handout\project_2_handout\source\debug\main.obj
d:\c++\project_2_handout\project_2_handout\source\debug\modulewindow.obj
d:\c++\project_2_handout\project_2_handout\source\debug\modulesfx.obj
d:\c++\project_2_handout\project_2_handout\source\debug\modulerender.obj
d:\c++\project_2_handout\project_2_handout\source\debug\modulemusica.obj
d:\c++\project_2_handout\project_2_handout\source\debug\moduleinput.obj
d:\c++\project_2_handout\project_2_handout\source\debug\moduleimatges.obj
d:\c++\project_2_handout\project_2_handout\source\debug\modulealmacen.obj
d:\c++\project_2_handout\project_2_handout\source\debug\globals.obj
d:\c++\project_2_handout\project_2_handout\source\debug\application.obj
d:\c++\project_2_handout\project_2_handout\source\debug\moduletext.obj
c:\users\danie\downloads\project_2_handout\project_2_handout\debug\project_2_handout.exe
c:\users\danie\downloads\project_2_handout\project_2_handout\project_2_handout\source\debug\project_2_handout.ilk
c:\users\danie\downloads\project_2_handout\project_2_handout\debug\project_2_handout.pdb
d:\c++\project_2_handout\debug\project_2_handout.exe
d:\c++\project_2_handout\project_2_handout\source\debug\project_2_handout.ilk
d:\c++\project_2_handout\debug\project_2_handout.pdb
d:\c++\project_2_handout\project_2_handout\source\debug\project_.f00b105c.tlog\cl.command.1.tlog
d:\c++\project_2_handout\project_2_handout\source\debug\project_.f00b105c.tlog\cl.read.1.tlog
d:\c++\project_2_handout\project_2_handout\source\debug\project_.f00b105c.tlog\cl.write.1.tlog
d:\c++\project_2_handout\project_2_handout\source\debug\project_.f00b105c.tlog\link.command.1.tlog
d:\c++\project_2_handout\project_2_handout\source\debug\project_.f00b105c.tlog\link.read.1.tlog
d:\c++\project_2_handout\project_2_handout\source\debug\project_.f00b105c.tlog\link.write.1.tlog
