  Application.cpp
  Camera.cpp
  Collider.cpp
  Enemy.cpp
  Enemy_GreenSoldiers.cpp
  Enemy_RedSoldiers.cpp
  Enemy_YellowSoldiers.cpp
  Globals.cpp
  ModuleCollisions.cpp
  ModuleEnemies.cpp
  ModuleFonts.cpp
  ModuleImatges.cpp
  ModuleInput.cpp
  ModuleLines.cpp
  ModuleMusica.cpp
  ModuleParticles.cpp
  ModulePlayer.cpp
  ModuleRender.cpp
  ModuleScene.cpp
  ModuleState.cpp
  Compilando...
  ModuleText.cpp
  ModuleTextures.cpp
  ModuleWindow.cpp
  Main.cpp
  Module.cpp
  Particle.cpp
D:\C++\ColibriGuerrilla\GuerrillaWar\ColibriGuerrilla\Source\Particle.cpp(19,38): warning C4018: '>=': no coinciden signed/unsigned
  Text.cpp
  Generando código
  Previous IPDB not found, fall back to full compilation.
  All 1081 functions were compiled because no usable IPDB/IOBJ from previous compilation was found.
  Generación de código finalizada
  ColibriGuerrilla.vcxproj -> D:\C++\ColibriGuerrilla\GuerrillaWar\Release\ColibriGuerrilla.exe
